<?xml version="1.0" encoding="UTF-8"?>
<testng-results ignored="0" total="1" passed="1" failed="0" skipped="0">
  <reporter-output>
  </reporter-output>
  <suite started-at="2018-09-18T04:08:33Z" name="BDD Test Suite" finished-at="2018-09-18T04:08:34Z" duration-ms="843">
    <groups>
      <group name="cucumber">
        <method signature="TestRunner.feature(cucumber.api.testng.CucumberFeatureWrapper)[pri:0, instance:TestRunner@10aa41f2]" name="feature" class="TestRunner"/>
      </group> <!-- cucumber -->
    </groups>
    <test started-at="2018-09-18T04:08:33Z" name="Login and Update Profile Test" finished-at="2018-09-18T04:08:34Z" duration-ms="843">
      <class name="TestRunner">
        <test-method is-config="true" signature="setUpClass()[pri:0, instance:TestRunner@10aa41f2]" started-at="2018-09-18T04:08:33Z" name="setUpClass" finished-at="2018-09-18T04:08:33Z" duration-ms="327" status="PASS">
          <reporter-output>
          </reporter-output>
        </test-method> <!-- setUpClass -->
        <test-method signature="feature(cucumber.api.testng.CucumberFeatureWrapper)[pri:0, instance:TestRunner@10aa41f2]" started-at="2018-09-18T04:08:33Z" name="feature" description="Runs Cucumber Feature" data-provider="features" finished-at="2018-09-18T04:08:34Z" duration-ms="351" status="PASS">
          <params>
            <param index="0">
              <value>
                <![CDATA[Hit a API]]>
              </value>
            </param>
          </params>
          <reporter-output>
          </reporter-output>
        </test-method> <!-- feature -->
        <test-method is-config="true" signature="tearDownClass()[pri:0, instance:TestRunner@10aa41f2]" started-at="2018-09-18T04:08:34Z" name="tearDownClass" finished-at="2018-09-18T04:08:34Z" duration-ms="24" status="PASS">
          <reporter-output>
          </reporter-output>
        </test-method> <!-- tearDownClass -->
      </class> <!-- TestRunner -->
    </test> <!-- Login and Update Profile Test -->
  </suite> <!-- BDD Test Suite -->
</testng-results>
